Start testing: Mar 18 14:30 MSK
----------------------------------------------------------
1/3 Testing: digit
1/3 Test: digit
Command: "/home/dibydo/Desktop/bbb/build/test/digit_tests"
Directory: /home/dibydo/Desktop/bbb/build/test
"digit" start time: Mar 18 14:30 MSK
Output:
----------------------------------------------------------
[==========] Running 1 test from 1 test case.
[----------] Global test environment set-up.
[----------] 1 test from greek_test
[ RUN      ] greek_test.digit
[       OK ] greek_test.digit (0 ms)
[----------] 1 test from greek_test (0 ms total)

[----------] Global test environment tear-down
[==========] 1 test from 1 test case ran. (0 ms total)
[  PASSED  ] 1 test.
<end of output>
Test time =   0.00 sec
----------------------------------------------------------
Test Passed.
"digit" end time: Mar 18 14:30 MSK
"digit" time elapsed: 00:00:00
----------------------------------------------------------

2/3 Testing: feeder_ok
2/3 Test: feeder_ok
Command: "/home/dibydo/Desktop/bbb/build/test/feeder_ok_tests"
Directory: /home/dibydo/Desktop/bbb/build/test
"feeder_ok" start time: Mar 18 14:30 MSK
Output:
----------------------------------------------------------
[==========] Running 1 test from 1 test case.
[----------] Global test environment set-up.
[----------] 1 test from greek_test
[ RUN      ] greek_test.feeder_ok
1017106504603[       OK ] greek_test.feeder_ok (0 ms)
[----------] 1 test from greek_test (0 ms total)

[----------] Global test environment tear-down
[==========] 1 test from 1 test case ran. (0 ms total)
[  PASSED  ] 1 test.
<end of output>
Test time =   0.00 sec
----------------------------------------------------------
Test Passed.
"feeder_ok" end time: Mar 18 14:30 MSK
"feeder_ok" time elapsed: 00:00:00
----------------------------------------------------------

3/3 Testing: feeder_wrong
3/3 Test: feeder_wrong
Command: "/home/dibydo/Desktop/bbb/build/test/feeder_wrong_tests"
Directory: /home/dibydo/Desktop/bbb/build/test
"feeder_wrong" start time: Mar 18 14:30 MSK
Output:
----------------------------------------------------------
[==========] Running 1 test from 1 test case.
[----------] Global test environment set-up.
[----------] 1 test from greek_test
[ RUN      ] greek_test.feeder_wrong
-1-1-1-1-1[       OK ] greek_test.feeder_wrong (0 ms)
[----------] 1 test from greek_test (0 ms total)

[----------] Global test environment tear-down
[==========] 1 test from 1 test case ran. (0 ms total)
[  PASSED  ] 1 test.
<end of output>
Test time =   0.00 sec
----------------------------------------------------------
Test Passed.
"feeder_wrong" end time: Mar 18 14:30 MSK
"feeder_wrong" time elapsed: 00:00:00
----------------------------------------------------------

End testing: Mar 18 14:30 MSK
